Change component parameters: Designator = "T1" ("T1"); Footprint = "TO-252-3"; UniqueID = "\TDTSHCHK" ("\TDTSHCHK")
Change component parameters (AddParameter): Name = "Case/Package"; Value = "DPAK"; VariantName = "[No Variations]"
Change component parameters (AddParameter): Name = "Category"; Value = "MOSFETs"; VariantName = "[No Variations]"
Change component parameters (AddParameter): Name = "ComponentLink1Description"; Value = "OZDISAN_LINK"; VariantName = "[No Variations]"
Change component parameters (AddParameter): Name = "ComponentLink1URL"; Value = "https://www.ozdisan.com/guc-yari-iletkenleri/mosfetler/mosfet-discrete/IRLR7843TRPBF"; VariantName = "[No Variations]"
Change component parameters (AddParameter): Name = "Continuous Drain Current (ID)"; Value = "161A"; VariantName = "[No Variations]"
Change component parameters (AddParameter): Name = "Current Rating"; Value = "161A"; VariantName = "[No Variations]"
Change component parameters (AddParameter): Name = "Drain to Source Breakdown Voltage"; Value = "30V"; VariantName = "[No Variations]"
Change component parameters (AddParameter): Name = "Drain to Source Resistance"; Value = "3.3mR"; VariantName = "[No Variations]"
Change component parameters (AddParameter): Name = "Drain to Source Voltage (Vdss)"; Value = "30V"; VariantName = "[No Variations]"
Change component parameters (AddParameter): Name = "Drain-source On Resistance-Max"; Value = "3.3MR"; VariantName = "[No Variations]"
Change component parameters (AddParameter): Name = "Element Configuration"; Value = "Single"; VariantName = "[No Variations]"
Change component parameters (AddParameter): Name = "Fall Time"; Value = "19ns"; VariantName = "[No Variations]"
Change component parameters (AddParameter): Name = "Gate to Source Voltage (Vgs)"; Value = "20V"; VariantName = "[No Variations]"
Change component parameters (AddParameter): Name = "Height"; Value = "2.39mm"; VariantName = "[No Variations]"
Change component parameters (AddParameter): Name = "Lead Free"; Value = "Lead Free"; VariantName = "[No Variations]"
Change component parameters (AddParameter): Name = "Length"; Value = "6.73mm"; VariantName = "[No Variations]"
Change component parameters (AddParameter): Name = "Manufacturer"; Value = "International Rectifier"; VariantName = "[No Variations]"
Change component parameters (AddParameter): Name = "Manufacturer Part Number"; Value = "IRLR7843TRPBF"; VariantName = "[No Variations]"
Change component parameters (AddParameter): Name = "Max Operating Temperature"; Value = "175°C"; VariantName = "[No Variations]"
Change component parameters (AddParameter): Name = "Max Power Dissipation"; Value = "140W"; VariantName = "[No Variations]"
Change component parameters (AddParameter): Name = "Min Operating Temperature"; Value = "-55°C"; VariantName = "[No Variations]"
Change component parameters (AddParameter): Name = "Mount"; Value = "Surface Mount"; VariantName = "[No Variations]"
Change component parameters (AddParameter): Name = "Nominal Vgs"; Value = "2.3V"; VariantName = "[No Variations]"
Change component parameters (AddParameter): Name = "Number of Elements"; Value = "1"; VariantName = "[No Variations]"
Change component parameters (AddParameter): Name = "Number of Pins"; Value = "3"; VariantName = "[No Variations]"
Change component parameters (AddParameter): Name = "On-State Resistance"; Value = "3.3MR"; VariantName = "[No Variations]"
Change component parameters (AddParameter): Name = "OZDISAN_PRICE"; Value = "14,41 TRY"; VariantName = "[No Variations]"
Change component parameters (AddParameter): Name = "Package Quantity"; Value = "1"; VariantName = "[No Variations]"
Change component parameters (AddParameter): Name = "Packaging"; Value = "Cut Tape"; VariantName = "[No Variations]"
Change component parameters (AddParameter): Name = "Power Dissipation"; Value = "140W"; VariantName = "[No Variations]"
Change component parameters (AddParameter): Name = "Radiation Hardening"; Value = "No"; VariantName = "[No Variations]"
Change component parameters (AddParameter): Name = "Rds On Max"; Value = "3.3mR"; VariantName = "[No Variations]"
Change component parameters (AddParameter): Name = "REACH SVHC"; Value = "No SVHC"; VariantName = "[No Variations]"
Change component parameters (AddParameter): Name = "Rise Time"; Value = "42ns"; VariantName = "[No Variations]"
Change component parameters (AddParameter): Name = "RoHS"; Value = "Yes"; VariantName = "[No Variations]"
Change component parameters (AddParameter): Name = "RoHS Compliant"; Value = "Yes"; VariantName = "[No Variations]"
Change component parameters (AddParameter): Name = "Series"; Value = "HEXFET®"; VariantName = "[No Variations]"
Change component parameters (AddParameter): Name = "Supplier 1"; Value = "Allied Electronics"; VariantName = "[No Variations]"
Change component parameters (AddParameter): Name = "Supplier Part Number 1"; Value = "70017418"; VariantName = "[No Variations]"
Change component parameters (AddParameter): Name = "Turn-Off Delay Time"; Value = "34ns"; VariantName = "[No Variations]"
Change component parameters (AddParameter): Name = "Turn-On Delay Time"; Value = "25ns"; VariantName = "[No Variations]"
Change component parameters (AddParameter): Name = "Voltage Rating (DC)"; Value = "30V"; VariantName = "[No Variations]"
Change component parameters (AddParameter): Name = "Width"; Value = "6.22mm"; VariantName = "[No Variations]"
Change component parameters (AddParameter): Name = "Input Capacitance"; Value = "4.38nF"; VariantName = "[No Variations]"
Change component parameters: Designator = "T2" ("T2"); Footprint = "TO-252-3"; UniqueID = "\JQXPFVGP" ("\JQXPFVGP")
Change component parameters (AddParameter): Name = "Case/Package"; Value = "DPAK"; VariantName = "[No Variations]"
Change component parameters (AddParameter): Name = "Category"; Value = "MOSFETs"; VariantName = "[No Variations]"
Change component parameters (AddParameter): Name = "ComponentLink1Description"; Value = "OZDISAN_LINK"; VariantName = "[No Variations]"
Change component parameters (AddParameter): Name = "ComponentLink1URL"; Value = "https://www.ozdisan.com/guc-yari-iletkenleri/mosfetler/mosfet-discrete/IRLR7843TRPBF"; VariantName = "[No Variations]"
Change component parameters (AddParameter): Name = "Continuous Drain Current (ID)"; Value = "161A"; VariantName = "[No Variations]"
Change component parameters (AddParameter): Name = "Current Rating"; Value = "161A"; VariantName = "[No Variations]"
Change component parameters (AddParameter): Name = "Drain to Source Breakdown Voltage"; Value = "30V"; VariantName = "[No Variations]"
Change component parameters (AddParameter): Name = "Drain to Source Resistance"; Value = "3.3mR"; VariantName = "[No Variations]"
Change component parameters (AddParameter): Name = "Drain to Source Voltage (Vdss)"; Value = "30V"; VariantName = "[No Variations]"
Change component parameters (AddParameter): Name = "Drain-source On Resistance-Max"; Value = "3.3MR"; VariantName = "[No Variations]"
Change component parameters (AddParameter): Name = "Element Configuration"; Value = "Single"; VariantName = "[No Variations]"
Change component parameters (AddParameter): Name = "Fall Time"; Value = "19ns"; VariantName = "[No Variations]"
Change component parameters (AddParameter): Name = "Gate to Source Voltage (Vgs)"; Value = "20V"; VariantName = "[No Variations]"
Change component parameters (AddParameter): Name = "Height"; Value = "2.39mm"; VariantName = "[No Variations]"
Change component parameters (AddParameter): Name = "Lead Free"; Value = "Lead Free"; VariantName = "[No Variations]"
Change component parameters (AddParameter): Name = "Length"; Value = "6.73mm"; VariantName = "[No Variations]"
Change component parameters (AddParameter): Name = "Manufacturer"; Value = "International Rectifier"; VariantName = "[No Variations]"
Change component parameters (AddParameter): Name = "Manufacturer Part Number"; Value = "IRLR7843TRPBF"; VariantName = "[No Variations]"
Change component parameters (AddParameter): Name = "Max Operating Temperature"; Value = "175°C"; VariantName = "[No Variations]"
Change component parameters (AddParameter): Name = "Max Power Dissipation"; Value = "140W"; VariantName = "[No Variations]"
Change component parameters (AddParameter): Name = "Min Operating Temperature"; Value = "-55°C"; VariantName = "[No Variations]"
Change component parameters (AddParameter): Name = "Mount"; Value = "Surface Mount"; VariantName = "[No Variations]"
Change component parameters (AddParameter): Name = "Nominal Vgs"; Value = "2.3V"; VariantName = "[No Variations]"
Change component parameters (AddParameter): Name = "Number of Elements"; Value = "1"; VariantName = "[No Variations]"
Change component parameters (AddParameter): Name = "Number of Pins"; Value = "3"; VariantName = "[No Variations]"
Change component parameters (AddParameter): Name = "On-State Resistance"; Value = "3.3MR"; VariantName = "[No Variations]"
Change component parameters (AddParameter): Name = "OZDISAN_PRICE"; Value = "14,41 TRY"; VariantName = "[No Variations]"
Change component parameters (AddParameter): Name = "Package Quantity"; Value = "1"; VariantName = "[No Variations]"
Change component parameters (AddParameter): Name = "Packaging"; Value = "Cut Tape"; VariantName = "[No Variations]"
Change component parameters (AddParameter): Name = "Power Dissipation"; Value = "140W"; VariantName = "[No Variations]"
Change component parameters (AddParameter): Name = "Radiation Hardening"; Value = "No"; VariantName = "[No Variations]"
Change component parameters (AddParameter): Name = "Rds On Max"; Value = "3.3mR"; VariantName = "[No Variations]"
Change component parameters (AddParameter): Name = "REACH SVHC"; Value = "No SVHC"; VariantName = "[No Variations]"
Change component parameters (AddParameter): Name = "Rise Time"; Value = "42ns"; VariantName = "[No Variations]"
Change component parameters (AddParameter): Name = "RoHS"; Value = "Yes"; VariantName = "[No Variations]"
Change component parameters (AddParameter): Name = "RoHS Compliant"; Value = "Yes"; VariantName = "[No Variations]"
Change component parameters (AddParameter): Name = "Series"; Value = "HEXFET®"; VariantName = "[No Variations]"
Change component parameters (AddParameter): Name = "Supplier 1"; Value = "Allied Electronics"; VariantName = "[No Variations]"
Change component parameters (AddParameter): Name = "Supplier Part Number 1"; Value = "70017418"; VariantName = "[No Variations]"
Change component parameters (AddParameter): Name = "Turn-Off Delay Time"; Value = "34ns"; VariantName = "[No Variations]"
Change component parameters (AddParameter): Name = "Turn-On Delay Time"; Value = "25ns"; VariantName = "[No Variations]"
Change component parameters (AddParameter): Name = "Voltage Rating (DC)"; Value = "30V"; VariantName = "[No Variations]"
Change component parameters (AddParameter): Name = "Width"; Value = "6.22mm"; VariantName = "[No Variations]"
Change component parameters (AddParameter): Name = "Input Capacitance"; Value = "4.38nF"; VariantName = "[No Variations]"
Change component parameters: Designator = "T3" ("T3"); Footprint = "TO-252-3"; UniqueID = "\YYXCQEVK" ("\YYXCQEVK")
Change component parameters (AddParameter): Name = "Case/Package"; Value = "DPAK"; VariantName = "[No Variations]"
Change component parameters (AddParameter): Name = "Category"; Value = "MOSFETs"; VariantName = "[No Variations]"
Change component parameters (AddParameter): Name = "ComponentLink1Description"; Value = "OZDISAN_LINK"; VariantName = "[No Variations]"
Change component parameters (AddParameter): Name = "ComponentLink1URL"; Value = "https://www.ozdisan.com/guc-yari-iletkenleri/mosfetler/mosfet-discrete/IRLR7843TRPBF"; VariantName = "[No Variations]"
Change component parameters (AddParameter): Name = "Continuous Drain Current (ID)"; Value = "161A"; VariantName = "[No Variations]"
Change component parameters (AddParameter): Name = "Current Rating"; Value = "161A"; VariantName = "[No Variations]"
Change component parameters (AddParameter): Name = "Drain to Source Breakdown Voltage"; Value = "30V"; VariantName = "[No Variations]"
Change component parameters (AddParameter): Name = "Drain to Source Resistance"; Value = "3.3mR"; VariantName = "[No Variations]"
Change component parameters (AddParameter): Name = "Drain to Source Voltage (Vdss)"; Value = "30V"; VariantName = "[No Variations]"
Change component parameters (AddParameter): Name = "Drain-source On Resistance-Max"; Value = "3.3MR"; VariantName = "[No Variations]"
Change component parameters (AddParameter): Name = "Element Configuration"; Value = "Single"; VariantName = "[No Variations]"
Change component parameters (AddParameter): Name = "Fall Time"; Value = "19ns"; VariantName = "[No Variations]"
Change component parameters (AddParameter): Name = "Gate to Source Voltage (Vgs)"; Value = "20V"; VariantName = "[No Variations]"
Change component parameters (AddParameter): Name = "Height"; Value = "2.39mm"; VariantName = "[No Variations]"
Change component parameters (AddParameter): Name = "Lead Free"; Value = "Lead Free"; VariantName = "[No Variations]"
Change component parameters (AddParameter): Name = "Length"; Value = "6.73mm"; VariantName = "[No Variations]"
Change component parameters (AddParameter): Name = "Manufacturer"; Value = "International Rectifier"; VariantName = "[No Variations]"
Change component parameters (AddParameter): Name = "Manufacturer Part Number"; Value = "IRLR7843TRPBF"; VariantName = "[No Variations]"
Change component parameters (AddParameter): Name = "Max Operating Temperature"; Value = "175°C"; VariantName = "[No Variations]"
Change component parameters (AddParameter): Name = "Max Power Dissipation"; Value = "140W"; VariantName = "[No Variations]"
Change component parameters (AddParameter): Name = "Min Operating Temperature"; Value = "-55°C"; VariantName = "[No Variations]"
Change component parameters (AddParameter): Name = "Mount"; Value = "Surface Mount"; VariantName = "[No Variations]"
Change component parameters (AddParameter): Name = "Nominal Vgs"; Value = "2.3V"; VariantName = "[No Variations]"
Change component parameters (AddParameter): Name = "Number of Elements"; Value = "1"; VariantName = "[No Variations]"
Change component parameters (AddParameter): Name = "Number of Pins"; Value = "3"; VariantName = "[No Variations]"
Change component parameters (AddParameter): Name = "On-State Resistance"; Value = "3.3MR"; VariantName = "[No Variations]"
Change component parameters (AddParameter): Name = "OZDISAN_PRICE"; Value = "14,41 TRY"; VariantName = "[No Variations]"
Change component parameters (AddParameter): Name = "Package Quantity"; Value = "1"; VariantName = "[No Variations]"
Change component parameters (AddParameter): Name = "Packaging"; Value = "Cut Tape"; VariantName = "[No Variations]"
Change component parameters (AddParameter): Name = "Power Dissipation"; Value = "140W"; VariantName = "[No Variations]"
Change component parameters (AddParameter): Name = "Radiation Hardening"; Value = "No"; VariantName = "[No Variations]"
Change component parameters (AddParameter): Name = "Rds On Max"; Value = "3.3mR"; VariantName = "[No Variations]"
Change component parameters (AddParameter): Name = "REACH SVHC"; Value = "No SVHC"; VariantName = "[No Variations]"
Change component parameters (AddParameter): Name = "Rise Time"; Value = "42ns"; VariantName = "[No Variations]"
Change component parameters (AddParameter): Name = "RoHS"; Value = "Yes"; VariantName = "[No Variations]"
Change component parameters (AddParameter): Name = "RoHS Compliant"; Value = "Yes"; VariantName = "[No Variations]"
Change component parameters (AddParameter): Name = "Series"; Value = "HEXFET®"; VariantName = "[No Variations]"
Change component parameters (AddParameter): Name = "Supplier 1"; Value = "Allied Electronics"; VariantName = "[No Variations]"
Change component parameters (AddParameter): Name = "Supplier Part Number 1"; Value = "70017418"; VariantName = "[No Variations]"
Change component parameters (AddParameter): Name = "Turn-Off Delay Time"; Value = "34ns"; VariantName = "[No Variations]"
Change component parameters (AddParameter): Name = "Turn-On Delay Time"; Value = "25ns"; VariantName = "[No Variations]"
Change component parameters (AddParameter): Name = "Voltage Rating (DC)"; Value = "30V"; VariantName = "[No Variations]"
Change component parameters (AddParameter): Name = "Width"; Value = "6.22mm"; VariantName = "[No Variations]"
Change component parameters (AddParameter): Name = "Input Capacitance"; Value = "4.38nF"; VariantName = "[No Variations]"
Change component parameters: Designator = "T4" ("T4"); Footprint = "TO-252-3"; UniqueID = "\LDSCPXUS" ("\LDSCPXUS")
Change component parameters (AddParameter): Name = "Case/Package"; Value = "DPAK"; VariantName = "[No Variations]"
Change component parameters (AddParameter): Name = "Category"; Value = "MOSFETs"; VariantName = "[No Variations]"
Change component parameters (AddParameter): Name = "ComponentLink1Description"; Value = "OZDISAN_LINK"; VariantName = "[No Variations]"
Change component parameters (AddParameter): Name = "ComponentLink1URL"; Value = "https://www.ozdisan.com/guc-yari-iletkenleri/mosfetler/mosfet-discrete/IRLR7843TRPBF"; VariantName = "[No Variations]"
Change component parameters (AddParameter): Name = "Continuous Drain Current (ID)"; Value = "161A"; VariantName = "[No Variations]"
Change component parameters (AddParameter): Name = "Current Rating"; Value = "161A"; VariantName = "[No Variations]"
Change component parameters (AddParameter): Name = "Drain to Source Breakdown Voltage"; Value = "30V"; VariantName = "[No Variations]"
Change component parameters (AddParameter): Name = "Drain to Source Resistance"; Value = "3.3mR"; VariantName = "[No Variations]"
Change component parameters (AddParameter): Name = "Drain to Source Voltage (Vdss)"; Value = "30V"; VariantName = "[No Variations]"
Change component parameters (AddParameter): Name = "Drain-source On Resistance-Max"; Value = "3.3MR"; VariantName = "[No Variations]"
Change component parameters (AddParameter): Name = "Element Configuration"; Value = "Single"; VariantName = "[No Variations]"
Change component parameters (AddParameter): Name = "Fall Time"; Value = "19ns"; VariantName = "[No Variations]"
Change component parameters (AddParameter): Name = "Gate to Source Voltage (Vgs)"; Value = "20V"; VariantName = "[No Variations]"
Change component parameters (AddParameter): Name = "Height"; Value = "2.39mm"; VariantName = "[No Variations]"
Change component parameters (AddParameter): Name = "Lead Free"; Value = "Lead Free"; VariantName = "[No Variations]"
Change component parameters (AddParameter): Name = "Length"; Value = "6.73mm"; VariantName = "[No Variations]"
Change component parameters (AddParameter): Name = "Manufacturer"; Value = "International Rectifier"; VariantName = "[No Variations]"
Change component parameters (AddParameter): Name = "Manufacturer Part Number"; Value = "IRLR7843TRPBF"; VariantName = "[No Variations]"
Change component parameters (AddParameter): Name = "Max Operating Temperature"; Value = "175°C"; VariantName = "[No Variations]"
Change component parameters (AddParameter): Name = "Max Power Dissipation"; Value = "140W"; VariantName = "[No Variations]"
Change component parameters (AddParameter): Name = "Min Operating Temperature"; Value = "-55°C"; VariantName = "[No Variations]"
Change component parameters (AddParameter): Name = "Mount"; Value = "Surface Mount"; VariantName = "[No Variations]"
Change component parameters (AddParameter): Name = "Nominal Vgs"; Value = "2.3V"; VariantName = "[No Variations]"
Change component parameters (AddParameter): Name = "Number of Elements"; Value = "1"; VariantName = "[No Variations]"
Change component parameters (AddParameter): Name = "Number of Pins"; Value = "3"; VariantName = "[No Variations]"
Change component parameters (AddParameter): Name = "On-State Resistance"; Value = "3.3MR"; VariantName = "[No Variations]"
Change component parameters (AddParameter): Name = "OZDISAN_PRICE"; Value = "14,41 TRY"; VariantName = "[No Variations]"
Change component parameters (AddParameter): Name = "Package Quantity"; Value = "1"; VariantName = "[No Variations]"
Change component parameters (AddParameter): Name = "Packaging"; Value = "Cut Tape"; VariantName = "[No Variations]"
Change component parameters (AddParameter): Name = "Power Dissipation"; Value = "140W"; VariantName = "[No Variations]"
Change component parameters (AddParameter): Name = "Radiation Hardening"; Value = "No"; VariantName = "[No Variations]"
Change component parameters (AddParameter): Name = "Rds On Max"; Value = "3.3mR"; VariantName = "[No Variations]"
Change component parameters (AddParameter): Name = "REACH SVHC"; Value = "No SVHC"; VariantName = "[No Variations]"
Change component parameters (AddParameter): Name = "Rise Time"; Value = "42ns"; VariantName = "[No Variations]"
Change component parameters (AddParameter): Name = "RoHS"; Value = "Yes"; VariantName = "[No Variations]"
Change component parameters (AddParameter): Name = "RoHS Compliant"; Value = "Yes"; VariantName = "[No Variations]"
Change component parameters (AddParameter): Name = "Series"; Value = "HEXFET®"; VariantName = "[No Variations]"
Change component parameters (AddParameter): Name = "Supplier 1"; Value = "Allied Electronics"; VariantName = "[No Variations]"
Change component parameters (AddParameter): Name = "Supplier Part Number 1"; Value = "70017418"; VariantName = "[No Variations]"
Change component parameters (AddParameter): Name = "Turn-Off Delay Time"; Value = "34ns"; VariantName = "[No Variations]"
Change component parameters (AddParameter): Name = "Turn-On Delay Time"; Value = "25ns"; VariantName = "[No Variations]"
Change component parameters (AddParameter): Name = "Voltage Rating (DC)"; Value = "30V"; VariantName = "[No Variations]"
Change component parameters (AddParameter): Name = "Width"; Value = "6.22mm"; VariantName = "[No Variations]"
Change component parameters (AddParameter): Name = "Input Capacitance"; Value = "4.38nF"; VariantName = "[No Variations]"
Change component parameters: Designator = "T5" ("T5"); Footprint = "TO-252-3"; UniqueID = "\TSIYPPMY" ("\TSIYPPMY")
Change component parameters (AddParameter): Name = "Case/Package"; Value = "DPAK"; VariantName = "[No Variations]"
Change component parameters (AddParameter): Name = "Category"; Value = "MOSFETs"; VariantName = "[No Variations]"
Change component parameters (AddParameter): Name = "ComponentLink1Description"; Value = "OZDISAN_LINK"; VariantName = "[No Variations]"
Change component parameters (AddParameter): Name = "ComponentLink1URL"; Value = "https://www.ozdisan.com/guc-yari-iletkenleri/mosfetler/mosfet-discrete/IRLR7843TRPBF"; VariantName = "[No Variations]"
Change component parameters (AddParameter): Name = "Continuous Drain Current (ID)"; Value = "161A"; VariantName = "[No Variations]"
Change component parameters (AddParameter): Name = "Current Rating"; Value = "161A"; VariantName = "[No Variations]"
Change component parameters (AddParameter): Name = "Drain to Source Breakdown Voltage"; Value = "30V"; VariantName = "[No Variations]"
Change component parameters (AddParameter): Name = "Drain to Source Resistance"; Value = "3.3mR"; VariantName = "[No Variations]"
Change component parameters (AddParameter): Name = "Drain to Source Voltage (Vdss)"; Value = "30V"; VariantName = "[No Variations]"
Change component parameters (AddParameter): Name = "Drain-source On Resistance-Max"; Value = "3.3MR"; VariantName = "[No Variations]"
Change component parameters (AddParameter): Name = "Element Configuration"; Value = "Single"; VariantName = "[No Variations]"
Change component parameters (AddParameter): Name = "Fall Time"; Value = "19ns"; VariantName = "[No Variations]"
Change component parameters (AddParameter): Name = "Gate to Source Voltage (Vgs)"; Value = "20V"; VariantName = "[No Variations]"
Change component parameters (AddParameter): Name = "Height"; Value = "2.39mm"; VariantName = "[No Variations]"
Change component parameters (AddParameter): Name = "Lead Free"; Value = "Lead Free"; VariantName = "[No Variations]"
Change component parameters (AddParameter): Name = "Length"; Value = "6.73mm"; VariantName = "[No Variations]"
Change component parameters (AddParameter): Name = "Manufacturer"; Value = "International Rectifier"; VariantName = "[No Variations]"
Change component parameters (AddParameter): Name = "Manufacturer Part Number"; Value = "IRLR7843TRPBF"; VariantName = "[No Variations]"
Change component parameters (AddParameter): Name = "Max Operating Temperature"; Value = "175°C"; VariantName = "[No Variations]"
Change component parameters (AddParameter): Name = "Max Power Dissipation"; Value = "140W"; VariantName = "[No Variations]"
Change component parameters (AddParameter): Name = "Min Operating Temperature"; Value = "-55°C"; VariantName = "[No Variations]"
Change component parameters (AddParameter): Name = "Mount"; Value = "Surface Mount"; VariantName = "[No Variations]"
Change component parameters (AddParameter): Name = "Nominal Vgs"; Value = "2.3V"; VariantName = "[No Variations]"
Change component parameters (AddParameter): Name = "Number of Elements"; Value = "1"; VariantName = "[No Variations]"
Change component parameters (AddParameter): Name = "Number of Pins"; Value = "3"; VariantName = "[No Variations]"
Change component parameters (AddParameter): Name = "On-State Resistance"; Value = "3.3MR"; VariantName = "[No Variations]"
Change component parameters (AddParameter): Name = "OZDISAN_PRICE"; Value = "14,41 TRY"; VariantName = "[No Variations]"
Change component parameters (AddParameter): Name = "Package Quantity"; Value = "1"; VariantName = "[No Variations]"
Change component parameters (AddParameter): Name = "Packaging"; Value = "Cut Tape"; VariantName = "[No Variations]"
Change component parameters (AddParameter): Name = "Power Dissipation"; Value = "140W"; VariantName = "[No Variations]"
Change component parameters (AddParameter): Name = "Radiation Hardening"; Value = "No"; VariantName = "[No Variations]"
Change component parameters (AddParameter): Name = "Rds On Max"; Value = "3.3mR"; VariantName = "[No Variations]"
Change component parameters (AddParameter): Name = "REACH SVHC"; Value = "No SVHC"; VariantName = "[No Variations]"
Change component parameters (AddParameter): Name = "Rise Time"; Value = "42ns"; VariantName = "[No Variations]"
Change component parameters (AddParameter): Name = "RoHS"; Value = "Yes"; VariantName = "[No Variations]"
Change component parameters (AddParameter): Name = "RoHS Compliant"; Value = "Yes"; VariantName = "[No Variations]"
Change component parameters (AddParameter): Name = "Series"; Value = "HEXFET®"; VariantName = "[No Variations]"
Change component parameters (AddParameter): Name = "Supplier 1"; Value = "Allied Electronics"; VariantName = "[No Variations]"
Change component parameters (AddParameter): Name = "Supplier Part Number 1"; Value = "70017418"; VariantName = "[No Variations]"
Change component parameters (AddParameter): Name = "Turn-Off Delay Time"; Value = "34ns"; VariantName = "[No Variations]"
Change component parameters (AddParameter): Name = "Turn-On Delay Time"; Value = "25ns"; VariantName = "[No Variations]"
Change component parameters (AddParameter): Name = "Voltage Rating (DC)"; Value = "30V"; VariantName = "[No Variations]"
Change component parameters (AddParameter): Name = "Width"; Value = "6.22mm"; VariantName = "[No Variations]"
Change component parameters (AddParameter): Name = "Input Capacitance"; Value = "4.38nF"; VariantName = "[No Variations]"
Change component parameters: Designator = "T6" ("T6"); Footprint = "TO-252-3"; UniqueID = "\CXOKMZBE" ("\CXOKMZBE")
Change component parameters (AddParameter): Name = "Case/Package"; Value = "DPAK"; VariantName = "[No Variations]"
Change component parameters (AddParameter): Name = "Category"; Value = "MOSFETs"; VariantName = "[No Variations]"
Change component parameters (AddParameter): Name = "ComponentLink1Description"; Value = "OZDISAN_LINK"; VariantName = "[No Variations]"
Change component parameters (AddParameter): Name = "ComponentLink1URL"; Value = "https://www.ozdisan.com/guc-yari-iletkenleri/mosfetler/mosfet-discrete/IRLR7843TRPBF"; VariantName = "[No Variations]"
Change component parameters (AddParameter): Name = "Continuous Drain Current (ID)"; Value = "161A"; VariantName = "[No Variations]"
Change component parameters (AddParameter): Name = "Current Rating"; Value = "161A"; VariantName = "[No Variations]"
Change component parameters (AddParameter): Name = "Drain to Source Breakdown Voltage"; Value = "30V"; VariantName = "[No Variations]"
Change component parameters (AddParameter): Name = "Drain to Source Resistance"; Value = "3.3mR"; VariantName = "[No Variations]"
Change component parameters (AddParameter): Name = "Drain to Source Voltage (Vdss)"; Value = "30V"; VariantName = "[No Variations]"
Change component parameters (AddParameter): Name = "Drain-source On Resistance-Max"; Value = "3.3MR"; VariantName = "[No Variations]"
Change component parameters (AddParameter): Name = "Element Configuration"; Value = "Single"; VariantName = "[No Variations]"
Change component parameters (AddParameter): Name = "Fall Time"; Value = "19ns"; VariantName = "[No Variations]"
Change component parameters (AddParameter): Name = "Gate to Source Voltage (Vgs)"; Value = "20V"; VariantName = "[No Variations]"
Change component parameters (AddParameter): Name = "Height"; Value = "2.39mm"; VariantName = "[No Variations]"
Change component parameters (AddParameter): Name = "Lead Free"; Value = "Lead Free"; VariantName = "[No Variations]"
Change component parameters (AddParameter): Name = "Length"; Value = "6.73mm"; VariantName = "[No Variations]"
Change component parameters (AddParameter): Name = "Manufacturer"; Value = "International Rectifier"; VariantName = "[No Variations]"
Change component parameters (AddParameter): Name = "Manufacturer Part Number"; Value = "IRLR7843TRPBF"; VariantName = "[No Variations]"
Change component parameters (AddParameter): Name = "Max Operating Temperature"; Value = "175°C"; VariantName = "[No Variations]"
Change component parameters (AddParameter): Name = "Max Power Dissipation"; Value = "140W"; VariantName = "[No Variations]"
Change component parameters (AddParameter): Name = "Min Operating Temperature"; Value = "-55°C"; VariantName = "[No Variations]"
Change component parameters (AddParameter): Name = "Mount"; Value = "Surface Mount"; VariantName = "[No Variations]"
Change component parameters (AddParameter): Name = "Nominal Vgs"; Value = "2.3V"; VariantName = "[No Variations]"
Change component parameters (AddParameter): Name = "Number of Elements"; Value = "1"; VariantName = "[No Variations]"
Change component parameters (AddParameter): Name = "Number of Pins"; Value = "3"; VariantName = "[No Variations]"
Change component parameters (AddParameter): Name = "On-State Resistance"; Value = "3.3MR"; VariantName = "[No Variations]"
Change component parameters (AddParameter): Name = "OZDISAN_PRICE"; Value = "14,41 TRY"; VariantName = "[No Variations]"
Change component parameters (AddParameter): Name = "Package Quantity"; Value = "1"; VariantName = "[No Variations]"
Change component parameters (AddParameter): Name = "Packaging"; Value = "Cut Tape"; VariantName = "[No Variations]"
Change component parameters (AddParameter): Name = "Power Dissipation"; Value = "140W"; VariantName = "[No Variations]"
Change component parameters (AddParameter): Name = "Radiation Hardening"; Value = "No"; VariantName = "[No Variations]"
Change component parameters (AddParameter): Name = "Rds On Max"; Value = "3.3mR"; VariantName = "[No Variations]"
Change component parameters (AddParameter): Name = "REACH SVHC"; Value = "No SVHC"; VariantName = "[No Variations]"
Change component parameters (AddParameter): Name = "Rise Time"; Value = "42ns"; VariantName = "[No Variations]"
Change component parameters (AddParameter): Name = "RoHS"; Value = "Yes"; VariantName = "[No Variations]"
Change component parameters (AddParameter): Name = "RoHS Compliant"; Value = "Yes"; VariantName = "[No Variations]"
Change component parameters (AddParameter): Name = "Series"; Value = "HEXFET®"; VariantName = "[No Variations]"
Change component parameters (AddParameter): Name = "Supplier 1"; Value = "Allied Electronics"; VariantName = "[No Variations]"
Change component parameters (AddParameter): Name = "Supplier Part Number 1"; Value = "70017418"; VariantName = "[No Variations]"
Change component parameters (AddParameter): Name = "Turn-Off Delay Time"; Value = "34ns"; VariantName = "[No Variations]"
Change component parameters (AddParameter): Name = "Turn-On Delay Time"; Value = "25ns"; VariantName = "[No Variations]"
Change component parameters (AddParameter): Name = "Voltage Rating (DC)"; Value = "30V"; VariantName = "[No Variations]"
Change component parameters (AddParameter): Name = "Width"; Value = "6.22mm"; VariantName = "[No Variations]"
Change component parameters (AddParameter): Name = "Input Capacitance"; Value = "4.38nF"; VariantName = "[No Variations]"
Added Room: Name=ESC1
Added Room: Name=ESC2
